2020-10-15 22:18:47,887 - BrowserEngine - INFO - You had select Chrome browser.
2020-10-15 22:18:47,887 - BrowserEngine - INFO - The test server url is: https://tsoms2.g-parts.cn
2020-10-15 22:18:50,072 - BrowserEngine - INFO - Starting Chrome browser.
2020-10-15 22:18:52,751 - BrowserEngine - INFO - Open url: https://tsoms2.g-parts.cn
2020-10-15 22:18:52,882 - BrowserEngine - INFO - Maximize the current window.
2020-10-15 22:18:52,883 - BrowserEngine - INFO - Set implicitly wait 10 seconds.
2020-10-15 22:18:52,923 - BasePage - INFO - Had find the element '  ' successful by xpath via value: //*[@id="app"]/div/div[2]/div/div/div/form/div[2]/div/div/input 
2020-10-15 22:18:53,181 - BasePage - INFO - Had type ' dfd ' in inputBox
2020-10-15 22:18:53,216 - BasePage - INFO - Had find the element '  ' successful by xpath via value: //*[@id="app"]/div/div[2]/div/div/div/form/div[3]/div/div/input 
2020-10-15 22:18:53,360 - BasePage - INFO - Had type ' 123456 ' in inputBox
2020-10-15 22:18:53,397 - BasePage - INFO - Had find the element ' 登录 ' successful by xpath via value: /html/body/div[1]/div/div[2]/div/div/div/form/div[5]/div 
2020-10-15 22:18:53,484 - BasePage - INFO - The element ' 登录 ' was clicked.
2020-10-15 22:18:55,524 - BasePage - INFO - Had find the element ' 东方店 ' successful by xpath via value: //*[@id="routes"]/div[2]/div[1]/div/div/div[3]/div/a[2] 
2020-10-15 22:18:55,649 - BasePage - INFO - The element ' 东方店 ' was clicked.
2020-10-15 22:18:55,687 - BasePage - INFO - Had find the element '  ' successful by xpath via value: /html/body/div[6]/div[2]/div/div/div/header/div/input 
2020-10-15 22:18:55,921 - BasePage - INFO - Had type ' 测试公司（总部） ' in inputBox
2020-10-15 22:18:55,957 - BasePage - INFO - Had find the element ' 查询 ' successful by xpath via value: /html/body/div[6]/div[2]/div/div/div/header/button[1] 
2020-10-15 22:18:56,019 - BasePage - INFO - The element ' 查询 ' was clicked.
2020-10-15 22:18:58,053 - BasePage - INFO - Had find the element '  ' successful by xpath via value: /html/body/div[6]/div[2]/div/div/div/div/div/div[2]/div[2]/table/tbody/tr/td[1]/div/span 
2020-10-15 22:18:58,121 - BasePage - INFO - The element '  ' was clicked.
2020-10-15 22:18:58,157 - BasePage - INFO - Had find the element ' 选择 ' successful by xpath via value: /html/body/div[6]/div[2]/div/div/div/header/button[2] 
2020-10-15 22:18:58,219 - BasePage - INFO - The element ' 选择 ' was clicked.
2020-10-15 22:19:03,260 - BasePage - INFO - Had find the element ' 调拨管理 ' successful by xpath via value: //*[@id="leftInner"]/ul/li[4]/div 
2020-10-15 22:19:03,334 - BasePage - INFO - The element ' 调拨管理 ' was clicked.
2020-10-15 22:19:03,377 - BasePage - INFO - Had find the element '  ' successful by xpath via value: //*[@id="leftInner"]/ul/li[4]/ul/li[1]/div/div 
2020-10-15 22:19:03,450 - BasePage - INFO - The element '  ' was clicked.
2020-10-15 22:19:04,487 - BasePage - INFO - Had find the element ' 调拨申请 ' successful by xpath via value: //*[@id="leftInner"]/ul/li[4]/ul/li[1]/ul/li[1]/div 
2020-10-15 22:19:04,578 - BasePage - INFO - The element ' 调拨申请 ' was clicked.
2020-10-15 22:19:07,621 - BasePage - INFO - Had find the element ' 新增 ' successful by xpath via value: //*[@id="routes"]/div[2]/div[2]/div/div[2]/div/div/main/div[1]/section[1]/div/div/div[3]/button 
2020-10-15 22:19:07,873 - BasePage - INFO - The element ' 新增 ' was clicked.
2020-10-15 22:19:07,930 - BasePage - INFO - Had find the element '  ' successful by xpath via value: //*[@id="routes"]/div[2]/div[2]/div/div[2]/div/div/main/div[1]/section[2]/div/div/div/div/div[3]/div/div[2]/form/div[1]/div/div/div[2]/button 
2020-10-15 22:19:08,057 - BasePage - INFO - The element '  ' was clicked.
2020-10-15 22:19:10,092 - BasePage - INFO - Had find the element '  ' successful by xpath via value: /html/body/div[32]/div[2]/div/div/div[2]/div[1]/div/input 
2020-10-15 22:19:10,189 - BasePage - INFO - Had type ' 东方店 ' in inputBox
2020-10-15 22:19:10,221 - BasePage - INFO - Had find the element ' 查询 ' successful by xpath via value: /html/body/div[32]/div[2]/div/div/div[2]/div[1]/button[1] 
2020-10-15 22:19:10,302 - BasePage - INFO - The element ' 查询 ' was clicked.
2020-10-15 22:19:11,339 - BasePage - INFO - Had find the element ' 100068 ' successful by xpath via value: /html/body/div[32]/div[2]/div/div/div[2]/div[2]/div/div/div[1]/div[2]/table/tbody/tr/td[3] 
2020-10-15 22:19:11,410 - BasePage - INFO - The element ' 100068 ' was clicked.
2020-10-15 22:19:11,447 - BasePage - INFO - Had find the element ' 选择 ' successful by xpath via value: /html/body/div[32]/div[2]/div/div/div[2]/div[1]/button[2] 
2020-10-15 22:19:11,564 - BasePage - INFO - The element ' 选择 ' was clicked.
2020-10-15 22:19:12,602 - BasePage - INFO - Had find the element ' 添加配件 ' successful by xpath via value: //*[@id="routes"]/div[2]/div[2]/div/div[2]/div/div/main/div[1]/section[2]/div/div/div/div/div[3]/div/div[3]/div/div[1]/button 
2020-10-15 22:19:12,787 - BasePage - INFO - The element ' 添加配件 ' was clicked.
2020-10-15 22:19:13,826 - BasePage - INFO - Had find the element '  ' successful by xpath via value: /html/body/div[19]/div[2]/div/div/div[2]/div[1]/div[2]/div/input 
2020-10-15 22:19:14,111 - BasePage - INFO - Had type ' 02000034 ' in inputBox
2020-10-15 22:19:14,147 - BasePage - INFO - Had find the element ' 查询 ' successful by xpath via value: /html/body/div[19]/div[2]/div/div/div[2]/div[1]/button[1] 
2020-10-15 22:19:14,241 - BasePage - INFO - The element ' 查询 ' was clicked.
2020-10-15 22:19:21,316 - BasePage - INFO - Had find the element '  ' successful by xpath via value: /html/body/div[19]/div[2]/div/div/div[2]/div[2]/div/div/div[1]/div[2]/table/tbody/tr/td[2]/div/label/span/input 
2020-10-15 22:19:21,484 - BasePage - INFO - Had find the element '  ' successful by xpath via value: /html/body/div[26]/div[2]/div/div/div[2]/form/div[4]/div[1]/div/div/div/input 
2020-10-15 22:19:21,557 - BasePage - INFO - Had type ' 1 ' in inputBox
2020-10-15 22:19:21,652 - BasePage - INFO - Had find the element ' 确定 ' successful by xpath via value: /html/body/div[26]/div[2]/div/div/div[3]/div/button[1] 
2020-10-15 22:19:21,805 - BasePage - INFO - The element ' 确定 ' was clicked.
2020-10-15 22:19:22,842 - BasePage - INFO - Had find the element '  ' successful by xpath via value: /html/body/div[19]/div[2]/div/div/a/i 
2020-10-15 22:19:22,933 - BasePage - INFO - The element '  ' was clicked.
2020-10-15 22:19:23,983 - BasePage - INFO - Had find the element ' 保存 ' successful by xpath via value: //*[@id="routes"]/div[2]/div[2]/div/div[2]/div/div/main/div[1]/section[1]/div/div/div[4]/button 
2020-10-15 22:19:24,117 - BasePage - INFO - The element ' 保存 ' was clicked.
2020-10-15 22:19:26,160 - BasePage - INFO - Had find the element ' 编辑收货信息 ' successful by xpath via value: //*[@id="routes"]/div[2]/div[2]/div/div[2]/div/div/main/div[1]/section[2]/div/div/div/div/div[3]/div/div[3]/div/div[5]/button 
2020-10-15 22:19:26,287 - BasePage - INFO - The element ' 编辑收货信息 ' was clicked.
2020-10-15 22:19:27,323 - BasePage - INFO - Had find the element ' 请选择 ' successful by xpath via value: /html/body/div[31]/div[2]/div/div/div[2]/div/div[2]/div[2]/form/div[6]/div/div/div[1]/div/span 
2020-10-15 22:19:27,406 - BasePage - INFO - The element ' 请选择 ' was clicked.
2020-10-15 22:19:27,446 - BasePage - INFO - Had find the element ' 自配 ' successful by xpath via value: /html/body/div[31]/div[2]/div/div/div[2]/div/div[2]/div[2]/form/div[6]/div/div/div[2]/ul[2]/li[1] 
2020-10-15 22:19:27,562 - BasePage - INFO - The element ' 自配 ' was clicked.
2020-10-15 22:19:27,630 - BasePage - INFO - Had find the element ' 保存 ' successful by xpath via value: /html/body/div[31]/div[2]/div/div/div[2]/div/div[1]/form/button[2] 
2020-10-15 22:19:27,711 - BasePage - INFO - The element ' 保存 ' was clicked.
2020-10-15 22:19:29,756 - BasePage - INFO - Had find the element ' 提交 ' successful by xpath via value: //*[@id="routes"]/div[2]/div[2]/div/div[2]/div/div/main/div[1]/section[1]/div/div/div[5]/button 
2020-10-15 22:19:29,844 - BasePage - INFO - The element ' 提交 ' was clicked.
2020-10-15 22:19:29,892 - BasePage - INFO - Had find the element ' 确定 ' successful by xpath via value: /html/body/div[36]/div[2]/div/div/div/div/div[3]/button[2] 
2020-10-15 22:19:30,046 - BasePage - INFO - The element ' 确定 ' was clicked.
2020-10-15 22:19:34,155 - BasePage - INFO - Had find the element ' 测试公司（总部） ' successful by xpath via value: //*[@id="routes"]/div[2]/div[1]/div/div/div[3]/div/a[2] 
2020-10-15 22:19:34,238 - BasePage - INFO - The element ' 测试公司（总部） ' was clicked.
2020-10-15 22:19:34,303 - BasePage - INFO - Had find the element '  ' successful by xpath via value: /html/body/div[6]/div[2]/div/div/div/header/div/input 
2020-10-15 22:19:34,470 - BasePage - INFO - Had type ' 东方店 ' in inputBox
2020-10-15 22:19:34,516 - BasePage - INFO - Had find the element ' 查询 ' successful by xpath via value: /html/body/div[6]/div[2]/div/div/div/header/button[1] 
2020-10-15 22:19:34,588 - BasePage - INFO - The element ' 查询 ' was clicked.
2020-10-15 22:19:36,630 - BasePage - INFO - Had find the element '  ' successful by xpath via value: /html/body/div[6]/div[2]/div/div/div/div/div/div[2]/div[2]/table/tbody/tr/td[1]/div/span 
2020-10-15 22:19:36,702 - BasePage - INFO - The element '  ' was clicked.
2020-10-15 22:19:36,740 - BasePage - INFO - Had find the element ' 选择 ' successful by xpath via value: /html/body/div[6]/div[2]/div/div/div/header/button[2] 
2020-10-15 22:19:36,803 - BasePage - INFO - The element ' 选择 ' was clicked.
2020-10-15 22:19:41,849 - BasePage - INFO - Had find the element ' 调拨申请受理 ' successful by xpath via value: //*[@id="leftInner"]/ul/li[4]/ul/li[1]/ul/li[2]/div 
2020-10-15 22:19:41,927 - BasePage - INFO - The element ' 调拨申请受理 ' was clicked.
2020-10-15 22:19:43,964 - BasePage - INFO - Had find the element '  ' successful by xpath via value: //*[@id="routes"]/div[2]/div[2]/div/div[2]/div/div/div/section[1]/div/div/div[4]/div[2]/input 
2020-10-15 22:19:44,889 - BasePage - INFO - Had type ' QDDD1000622020101500004 ' in inputBox
2020-10-15 22:19:44,928 - BasePage - INFO - Had find the element ' 查询 ' successful by xpath via value: //*[@id="routes"]/div[2]/div[2]/div/div[2]/div/div/div/section[1]/div/div/div[4]/button 
2020-10-15 22:19:45,016 - BasePage - INFO - The element ' 查询 ' was clicked.
2020-10-15 22:19:47,069 - BasePage - INFO - Had find the element ' 受理 ' successful by xpath via value: //*[@id="routes"]/div[2]/div[2]/div/div[2]/div/div/div/section[2]/div/div[1]/div/div/div[2]/div[2]/table/tbody/tr/td[2]/div/div/button[1] 
2020-10-15 22:19:47,159 - BasePage - INFO - The element ' 受理 ' was clicked.
2020-10-15 22:19:58,207 - BasePage - ERROR - NoSuchElementException: Message: no such element: Unable to locate element: {"method":"xpath","selector":"/html/body/div[60]/div[2]/div/div/div/div/div[3]/button[2]"}
  (Session info: chrome=74.0.3729.131)
  (Driver info: chromedriver=2.35.528161 (5b82f2d2aae0ca24b877009200ced9065a772e73),platform=Windows NT 10.0.18363 x86_64)

2020-10-15 22:19:58,539 - BasePage - INFO - Had take screenshot and save to folder : /screenshots
