2020-10-15 22:23:26,653 - BrowserEngine - INFO - You had select Chrome browser.
2020-10-15 22:23:26,653 - BrowserEngine - INFO - The test server url is: https://tsoms2.g-parts.cn
2020-10-15 22:23:28,402 - BrowserEngine - INFO - Starting Chrome browser.
2020-10-15 22:23:32,515 - BrowserEngine - INFO - Open url: https://tsoms2.g-parts.cn
2020-10-15 22:23:32,639 - BrowserEngine - INFO - Maximize the current window.
2020-10-15 22:23:32,640 - BrowserEngine - INFO - Set implicitly wait 10 seconds.
2020-10-15 22:23:32,716 - BasePage - INFO - Had find the element '  ' successful by xpath via value: //*[@id="app"]/div/div[2]/div/div/div/form/div[2]/div/div/input 
2020-10-15 22:23:32,849 - BasePage - INFO - Had type ' dfd ' in inputBox
2020-10-15 22:23:32,887 - BasePage - INFO - Had find the element '  ' successful by xpath via value: //*[@id="app"]/div/div[2]/div/div/div/form/div[3]/div/div/input 
2020-10-15 22:23:33,045 - BasePage - INFO - Had type ' 123456 ' in inputBox
2020-10-15 22:23:33,088 - BasePage - INFO - Had find the element ' 登录 ' successful by xpath via value: /html/body/div[1]/div/div[2]/div/div/div/form/div[5]/div 
2020-10-15 22:23:33,181 - BasePage - INFO - The element ' 登录 ' was clicked.
2020-10-15 22:23:35,228 - BasePage - INFO - Had find the element ' 东方店 ' successful by xpath via value: //*[@id="routes"]/div[2]/div[1]/div/div/div[3]/div/a[2] 
2020-10-15 22:23:35,379 - BasePage - INFO - The element ' 东方店 ' was clicked.
2020-10-15 22:23:35,465 - BasePage - INFO - Had find the element '  ' successful by xpath via value: /html/body/div[6]/div[2]/div/div/div/header/div/input 
2020-10-15 22:23:35,702 - BasePage - INFO - Had type ' 测试公司（总部） ' in inputBox
2020-10-15 22:23:35,743 - BasePage - INFO - Had find the element ' 查询 ' successful by xpath via value: /html/body/div[6]/div[2]/div/div/div/header/button[1] 
2020-10-15 22:23:35,811 - BasePage - INFO - The element ' 查询 ' was clicked.
2020-10-15 22:23:37,847 - BasePage - INFO - Had find the element '  ' successful by xpath via value: /html/body/div[6]/div[2]/div/div/div/div/div/div[2]/div[2]/table/tbody/tr/td[1]/div/span 
2020-10-15 22:23:37,910 - BasePage - INFO - The element '  ' was clicked.
2020-10-15 22:23:37,951 - BasePage - INFO - Had find the element ' 选择 ' successful by xpath via value: /html/body/div[6]/div[2]/div/div/div/header/button[2] 
2020-10-15 22:23:38,011 - BasePage - INFO - The element ' 选择 ' was clicked.
2020-10-15 22:23:43,048 - BasePage - INFO - Had find the element ' 调拨管理 ' successful by xpath via value: //*[@id="leftInner"]/ul/li[4]/div 
2020-10-15 22:23:43,120 - BasePage - INFO - The element ' 调拨管理 ' was clicked.
2020-10-15 22:23:43,166 - BasePage - INFO - Had find the element '  ' successful by xpath via value: //*[@id="leftInner"]/ul/li[4]/ul/li[1]/div/div 
2020-10-15 22:23:43,246 - BasePage - INFO - The element '  ' was clicked.
2020-10-15 22:23:44,285 - BasePage - INFO - Had find the element ' 调拨申请 ' successful by xpath via value: //*[@id="leftInner"]/ul/li[4]/ul/li[1]/ul/li[1]/div 
2020-10-15 22:23:44,387 - BasePage - INFO - The element ' 调拨申请 ' was clicked.
2020-10-15 22:23:47,427 - BasePage - INFO - Had find the element ' 新增 ' successful by xpath via value: //*[@id="routes"]/div[2]/div[2]/div/div[2]/div/div/main/div[1]/section[1]/div/div/div[3]/button 
2020-10-15 22:23:47,681 - BasePage - INFO - The element ' 新增 ' was clicked.
2020-10-15 22:23:47,738 - BasePage - INFO - Had find the element '  ' successful by xpath via value: //*[@id="routes"]/div[2]/div[2]/div/div[2]/div/div/main/div[1]/section[2]/div/div/div/div/div[3]/div/div[2]/form/div[1]/div/div/div[2]/button 
2020-10-15 22:23:47,871 - BasePage - INFO - The element '  ' was clicked.
2020-10-15 22:23:49,902 - BasePage - INFO - Had find the element '  ' successful by xpath via value: /html/body/div[32]/div[2]/div/div/div[2]/div[1]/div/input 
2020-10-15 22:23:50,006 - BasePage - INFO - Had type ' 东方店 ' in inputBox
2020-10-15 22:23:50,039 - BasePage - INFO - Had find the element ' 查询 ' successful by xpath via value: /html/body/div[32]/div[2]/div/div/div[2]/div[1]/button[1] 
2020-10-15 22:23:50,123 - BasePage - INFO - The element ' 查询 ' was clicked.
2020-10-15 22:23:51,159 - BasePage - INFO - Had find the element ' 100068 ' successful by xpath via value: /html/body/div[32]/div[2]/div/div/div[2]/div[2]/div/div/div[1]/div[2]/table/tbody/tr/td[3] 
2020-10-15 22:23:51,231 - BasePage - INFO - The element ' 100068 ' was clicked.
2020-10-15 22:23:51,268 - BasePage - INFO - Had find the element ' 选择 ' successful by xpath via value: /html/body/div[32]/div[2]/div/div/div[2]/div[1]/button[2] 
2020-10-15 22:23:51,388 - BasePage - INFO - The element ' 选择 ' was clicked.
2020-10-15 22:23:52,427 - BasePage - INFO - Had find the element ' 添加配件 ' successful by xpath via value: //*[@id="routes"]/div[2]/div[2]/div/div[2]/div/div/main/div[1]/section[2]/div/div/div/div/div[3]/div/div[3]/div/div[1]/button 
2020-10-15 22:23:52,643 - BasePage - INFO - The element ' 添加配件 ' was clicked.
2020-10-15 22:23:53,680 - BasePage - INFO - Had find the element '  ' successful by xpath via value: /html/body/div[19]/div[2]/div/div/div[2]/div[1]/div[2]/div/input 
2020-10-15 22:23:54,007 - BasePage - INFO - Had type ' 02000034 ' in inputBox
2020-10-15 22:23:54,043 - BasePage - INFO - Had find the element ' 查询 ' successful by xpath via value: /html/body/div[19]/div[2]/div/div/div[2]/div[1]/button[1] 
2020-10-15 22:23:54,139 - BasePage - INFO - The element ' 查询 ' was clicked.
2020-10-15 22:24:01,208 - BasePage - INFO - Had find the element '  ' successful by xpath via value: /html/body/div[19]/div[2]/div/div/div[2]/div[2]/div/div/div[1]/div[2]/table/tbody/tr/td[2]/div/label/span/input 
2020-10-15 22:24:01,381 - BasePage - INFO - Had find the element '  ' successful by xpath via value: /html/body/div[26]/div[2]/div/div/div[2]/form/div[4]/div[1]/div/div/div/input 
2020-10-15 22:24:01,501 - BasePage - INFO - Had type ' 1 ' in inputBox
2020-10-15 22:24:01,555 - BasePage - INFO - Had find the element ' 确定 ' successful by xpath via value: /html/body/div[26]/div[2]/div/div/div[3]/div/button[1] 
2020-10-15 22:24:01,709 - BasePage - INFO - The element ' 确定 ' was clicked.
2020-10-15 22:24:02,743 - BasePage - INFO - Had find the element '  ' successful by xpath via value: /html/body/div[19]/div[2]/div/div/a/i 
2020-10-15 22:24:02,834 - BasePage - INFO - The element '  ' was clicked.
2020-10-15 22:24:03,870 - BasePage - INFO - Had find the element ' 保存 ' successful by xpath via value: //*[@id="routes"]/div[2]/div[2]/div/div[2]/div/div/main/div[1]/section[1]/div/div/div[4]/button 
2020-10-15 22:24:03,988 - BasePage - INFO - The element ' 保存 ' was clicked.
2020-10-15 22:24:06,032 - BasePage - INFO - Had find the element ' 编辑收货信息 ' successful by xpath via value: //*[@id="routes"]/div[2]/div[2]/div/div[2]/div/div/main/div[1]/section[2]/div/div/div/div/div[3]/div/div[3]/div/div[5]/button 
2020-10-15 22:24:06,159 - BasePage - INFO - The element ' 编辑收货信息 ' was clicked.
2020-10-15 22:24:07,199 - BasePage - INFO - Had find the element ' 请选择 ' successful by xpath via value: /html/body/div[31]/div[2]/div/div/div[2]/div/div[2]/div[2]/form/div[6]/div/div/div[1]/div/span 
2020-10-15 22:24:07,277 - BasePage - INFO - The element ' 请选择 ' was clicked.
2020-10-15 22:24:07,319 - BasePage - INFO - Had find the element ' 自配 ' successful by xpath via value: /html/body/div[31]/div[2]/div/div/div[2]/div/div[2]/div[2]/form/div[6]/div/div/div[2]/ul[2]/li[1] 
2020-10-15 22:24:07,429 - BasePage - INFO - The element ' 自配 ' was clicked.
2020-10-15 22:24:07,469 - BasePage - INFO - Had find the element ' 保存 ' successful by xpath via value: /html/body/div[31]/div[2]/div/div/div[2]/div/div[1]/form/button[2] 
2020-10-15 22:24:07,571 - BasePage - INFO - The element ' 保存 ' was clicked.
2020-10-15 22:24:09,610 - BasePage - INFO - Had find the element ' 提交 ' successful by xpath via value: //*[@id="routes"]/div[2]/div[2]/div/div[2]/div/div/main/div[1]/section[1]/div/div/div[5]/button 
2020-10-15 22:24:09,689 - BasePage - INFO - The element ' 提交 ' was clicked.
2020-10-15 22:24:09,731 - BasePage - INFO - Had find the element ' 确定 ' successful by xpath via value: /html/body/div[36]/div[2]/div/div/div/div/div[3]/button[2] 
2020-10-15 22:24:09,889 - BasePage - INFO - The element ' 确定 ' was clicked.
2020-10-15 22:24:13,999 - BasePage - INFO - Had find the element ' 测试公司（总部） ' successful by xpath via value: //*[@id="routes"]/div[2]/div[1]/div/div/div[3]/div/a[2] 
2020-10-15 22:24:14,181 - BasePage - INFO - The element ' 测试公司（总部） ' was clicked.
2020-10-15 22:24:14,239 - BasePage - INFO - Had find the element '  ' successful by xpath via value: /html/body/div[6]/div[2]/div/div/div/header/div/input 
2020-10-15 22:24:14,399 - BasePage - INFO - Had type ' 东方店 ' in inputBox
2020-10-15 22:24:14,439 - BasePage - INFO - Had find the element ' 查询 ' successful by xpath via value: /html/body/div[6]/div[2]/div/div/div/header/button[1] 
2020-10-15 22:24:14,521 - BasePage - INFO - The element ' 查询 ' was clicked.
2020-10-15 22:24:16,558 - BasePage - INFO - Had find the element '  ' successful by xpath via value: /html/body/div[6]/div[2]/div/div/div/div/div/div[2]/div[2]/table/tbody/tr/td[1]/div/span 
2020-10-15 22:24:16,622 - BasePage - INFO - The element '  ' was clicked.
2020-10-15 22:24:16,654 - BasePage - INFO - Had find the element ' 选择 ' successful by xpath via value: /html/body/div[6]/div[2]/div/div/div/header/button[2] 
2020-10-15 22:24:16,725 - BasePage - INFO - The element ' 选择 ' was clicked.
2020-10-15 22:24:21,773 - BasePage - INFO - Had find the element ' 调拨申请受理 ' successful by xpath via value: //*[@id="leftInner"]/ul/li[4]/ul/li[1]/ul/li[2]/div 
2020-10-15 22:24:21,878 - BasePage - INFO - The element ' 调拨申请受理 ' was clicked.
2020-10-15 22:24:23,917 - BasePage - INFO - Had find the element '  ' successful by xpath via value: //*[@id="routes"]/div[2]/div[2]/div/div[2]/div/div/div/section[1]/div/div/div[4]/div[2]/input 
2020-10-15 22:24:24,920 - BasePage - INFO - Had type ' QDDD1000622020101500006 ' in inputBox
2020-10-15 22:24:24,959 - BasePage - INFO - Had find the element ' 查询 ' successful by xpath via value: //*[@id="routes"]/div[2]/div[2]/div/div[2]/div/div/div/section[1]/div/div/div[4]/button 
2020-10-15 22:24:25,056 - BasePage - INFO - The element ' 查询 ' was clicked.
2020-10-15 22:24:27,100 - BasePage - INFO - Had find the element ' 受理 ' successful by xpath via value: //*[@id="routes"]/div[2]/div[2]/div/div[2]/div/div/div/section[2]/div/div[1]/div/div/div[2]/div[2]/table/tbody/tr/td[2]/div/div/button[1] 
2020-10-15 22:24:27,189 - BasePage - INFO - The element ' 受理 ' was clicked.
2020-10-15 22:24:38,240 - BasePage - ERROR - NoSuchElementException: Message: no such element: Unable to locate element: {"method":"xpath","selector":"//*[class="ivu-btn ivu-btn-primary"]"}
  (Session info: chrome=74.0.3729.131)
  (Driver info: chromedriver=2.35.528161 (5b82f2d2aae0ca24b877009200ced9065a772e73),platform=Windows NT 10.0.18363 x86_64)

2020-10-15 22:24:38,593 - BasePage - INFO - Had take screenshot and save to folder : /screenshots
