2020-10-15 22:16:23,735 - BrowserEngine - INFO - You had select Chrome browser.
2020-10-15 22:16:23,735 - BrowserEngine - INFO - The test server url is: https://tsoms2.g-parts.cn
2020-10-15 22:16:25,570 - BrowserEngine - INFO - Starting Chrome browser.
2020-10-15 22:16:28,964 - BrowserEngine - INFO - Open url: https://tsoms2.g-parts.cn
2020-10-15 22:16:29,095 - BrowserEngine - INFO - Maximize the current window.
2020-10-15 22:16:29,097 - BrowserEngine - INFO - Set implicitly wait 10 seconds.
2020-10-15 22:16:29,140 - BasePage - INFO - Had find the element '  ' successful by xpath via value: //*[@id="app"]/div/div[2]/div/div/div/form/div[2]/div/div/input 
2020-10-15 22:16:29,310 - BasePage - INFO - Had type ' dfd ' in inputBox
2020-10-15 22:16:29,348 - BasePage - INFO - Had find the element '  ' successful by xpath via value: //*[@id="app"]/div/div[2]/div/div/div/form/div[3]/div/div/input 
2020-10-15 22:16:29,514 - BasePage - INFO - Had type ' 123456 ' in inputBox
2020-10-15 22:16:29,563 - BasePage - INFO - Had find the element ' 登录 ' successful by xpath via value: /html/body/div[1]/div/div[2]/div/div/div/form/div[5]/div 
2020-10-15 22:16:29,659 - BasePage - INFO - The element ' 登录 ' was clicked.
2020-10-15 22:16:31,697 - BasePage - INFO - Had find the element ' 东方店 ' successful by xpath via value: //*[@id="routes"]/div[2]/div[1]/div/div/div[3]/div/a[2] 
2020-10-15 22:16:31,846 - BasePage - INFO - The element ' 东方店 ' was clicked.
2020-10-15 22:16:31,891 - BasePage - INFO - Had find the element '  ' successful by xpath via value: /html/body/div[6]/div[2]/div/div/div/header/div/input 
2020-10-15 22:16:32,100 - BasePage - INFO - Had type ' 测试公司（总部） ' in inputBox
2020-10-15 22:16:32,146 - BasePage - INFO - Had find the element ' 查询 ' successful by xpath via value: /html/body/div[6]/div[2]/div/div/div/header/button[1] 
2020-10-15 22:16:32,213 - BasePage - INFO - The element ' 查询 ' was clicked.
2020-10-15 22:16:34,256 - BasePage - INFO - Had find the element '  ' successful by xpath via value: /html/body/div[6]/div[2]/div/div/div/div/div/div[2]/div[2]/table/tbody/tr/td[1]/div/span 
2020-10-15 22:16:34,320 - BasePage - INFO - The element '  ' was clicked.
2020-10-15 22:16:34,359 - BasePage - INFO - Had find the element ' 选择 ' successful by xpath via value: /html/body/div[6]/div[2]/div/div/div/header/button[2] 
2020-10-15 22:16:34,423 - BasePage - INFO - The element ' 选择 ' was clicked.
2020-10-15 22:16:39,467 - BasePage - INFO - Had find the element ' 调拨管理 ' successful by xpath via value: //*[@id="leftInner"]/ul/li[4]/div 
2020-10-15 22:16:39,542 - BasePage - INFO - The element ' 调拨管理 ' was clicked.
2020-10-15 22:16:39,581 - BasePage - INFO - Had find the element '  ' successful by xpath via value: //*[@id="leftInner"]/ul/li[4]/ul/li[1]/div/div 
2020-10-15 22:16:39,657 - BasePage - INFO - The element '  ' was clicked.
2020-10-15 22:16:40,690 - BasePage - INFO - Had find the element ' 调拨申请 ' successful by xpath via value: //*[@id="leftInner"]/ul/li[4]/ul/li[1]/ul/li[1]/div 
2020-10-15 22:16:40,791 - BasePage - INFO - The element ' 调拨申请 ' was clicked.
2020-10-15 22:16:43,828 - BasePage - INFO - Had find the element ' 新增 ' successful by xpath via value: //*[@id="routes"]/div[2]/div[2]/div/div[2]/div/div/main/div[1]/section[1]/div/div/div[3]/button 
2020-10-15 22:16:44,066 - BasePage - INFO - The element ' 新增 ' was clicked.
2020-10-15 22:16:44,119 - BasePage - INFO - Had find the element '  ' successful by xpath via value: //*[@id="routes"]/div[2]/div[2]/div/div[2]/div/div/main/div[1]/section[2]/div/div/div/div/div[3]/div/div[2]/form/div[1]/div/div/div[2]/button 
2020-10-15 22:16:44,386 - BasePage - INFO - The element '  ' was clicked.
2020-10-15 22:16:46,422 - BasePage - INFO - Had find the element '  ' successful by xpath via value: /html/body/div[32]/div[2]/div/div/div[2]/div[1]/div/input 
2020-10-15 22:16:46,534 - BasePage - INFO - Had type ' 东方店 ' in inputBox
2020-10-15 22:16:46,572 - BasePage - INFO - Had find the element ' 查询 ' successful by xpath via value: /html/body/div[32]/div[2]/div/div/div[2]/div[1]/button[1] 
2020-10-15 22:16:46,647 - BasePage - INFO - The element ' 查询 ' was clicked.
2020-10-15 22:16:47,691 - BasePage - INFO - Had find the element ' 100068 ' successful by xpath via value: /html/body/div[32]/div[2]/div/div/div[2]/div[2]/div/div/div[1]/div[2]/table/tbody/tr/td[3] 
2020-10-15 22:16:47,763 - BasePage - INFO - The element ' 100068 ' was clicked.
2020-10-15 22:16:47,799 - BasePage - INFO - Had find the element ' 选择 ' successful by xpath via value: /html/body/div[32]/div[2]/div/div/div[2]/div[1]/button[2] 
2020-10-15 22:16:47,914 - BasePage - INFO - The element ' 选择 ' was clicked.
2020-10-15 22:16:48,954 - BasePage - INFO - Had find the element ' 添加配件 ' successful by xpath via value: //*[@id="routes"]/div[2]/div[2]/div/div[2]/div/div/main/div[1]/section[2]/div/div/div/div/div[3]/div/div[3]/div/div[1]/button 
2020-10-15 22:16:49,141 - BasePage - INFO - The element ' 添加配件 ' was clicked.
2020-10-15 22:16:50,173 - BasePage - INFO - Had find the element '  ' successful by xpath via value: /html/body/div[19]/div[2]/div/div/div[2]/div[1]/div[2]/div/input 
2020-10-15 22:16:50,459 - BasePage - INFO - Had type ' 02000034 ' in inputBox
2020-10-15 22:16:50,496 - BasePage - INFO - Had find the element ' 查询 ' successful by xpath via value: /html/body/div[19]/div[2]/div/div/div[2]/div[1]/button[1] 
2020-10-15 22:16:50,594 - BasePage - INFO - The element ' 查询 ' was clicked.
2020-10-15 22:16:57,658 - BasePage - INFO - Had find the element '  ' successful by xpath via value: /html/body/div[19]/div[2]/div/div/div[2]/div[2]/div/div/div[1]/div[2]/table/tbody/tr/td[2]/div/label/span/input 
2020-10-15 22:16:57,822 - BasePage - INFO - Had find the element '  ' successful by xpath via value: /html/body/div[26]/div[2]/div/div/div[2]/form/div[4]/div[1]/div/div/div/input 
2020-10-15 22:16:57,935 - BasePage - INFO - Had type ' 1 ' in inputBox
2020-10-15 22:16:57,988 - BasePage - INFO - Had find the element ' 确定 ' successful by xpath via value: /html/body/div[26]/div[2]/div/div/div[3]/div/button[1] 
2020-10-15 22:16:58,140 - BasePage - INFO - The element ' 确定 ' was clicked.
2020-10-15 22:16:59,177 - BasePage - INFO - Had find the element '  ' successful by xpath via value: /html/body/div[19]/div[2]/div/div/a/i 
2020-10-15 22:16:59,265 - BasePage - INFO - The element '  ' was clicked.
2020-10-15 22:17:00,305 - BasePage - INFO - Had find the element ' 保存 ' successful by xpath via value: //*[@id="routes"]/div[2]/div[2]/div/div[2]/div/div/main/div[1]/section[1]/div/div/div[4]/button 
2020-10-15 22:17:00,420 - BasePage - INFO - The element ' 保存 ' was clicked.
2020-10-15 22:17:02,461 - BasePage - INFO - Had find the element ' 编辑收货信息 ' successful by xpath via value: //*[@id="routes"]/div[2]/div[2]/div/div[2]/div/div/main/div[1]/section[2]/div/div/div/div/div[3]/div/div[3]/div/div[5]/button 
2020-10-15 22:17:02,591 - BasePage - INFO - The element ' 编辑收货信息 ' was clicked.
2020-10-15 22:17:03,626 - BasePage - INFO - Had find the element ' 请选择 ' successful by xpath via value: /html/body/div[31]/div[2]/div/div/div[2]/div/div[2]/div[2]/form/div[6]/div/div/div[1]/div/span 
2020-10-15 22:17:03,703 - BasePage - INFO - The element ' 请选择 ' was clicked.
2020-10-15 22:17:03,746 - BasePage - INFO - Had find the element ' 自配 ' successful by xpath via value: /html/body/div[31]/div[2]/div/div/div[2]/div/div[2]/div[2]/form/div[6]/div/div/div[2]/ul[2]/li[1] 
2020-10-15 22:17:03,860 - BasePage - INFO - The element ' 自配 ' was clicked.
2020-10-15 22:17:03,898 - BasePage - INFO - Had find the element ' 保存 ' successful by xpath via value: /html/body/div[31]/div[2]/div/div/div[2]/div/div[1]/form/button[2] 
2020-10-15 22:17:03,981 - BasePage - INFO - The element ' 保存 ' was clicked.
2020-10-15 22:17:06,022 - BasePage - INFO - Had find the element ' 提交 ' successful by xpath via value: //*[@id="routes"]/div[2]/div[2]/div/div[2]/div/div/main/div[1]/section[1]/div/div/div[5]/button 
2020-10-15 22:17:06,112 - BasePage - INFO - The element ' 提交 ' was clicked.
2020-10-15 22:17:06,150 - BasePage - INFO - Had find the element ' 确定 ' successful by xpath via value: /html/body/div[36]/div[2]/div/div/div/div/div[3]/button[2] 
2020-10-15 22:17:06,302 - BasePage - INFO - The element ' 确定 ' was clicked.
2020-10-15 22:17:10,412 - BasePage - INFO - Had find the element ' 测试公司（总部） ' successful by xpath via value: //*[@id="routes"]/div[2]/div[1]/div/div/div[3]/div/a[2] 
2020-10-15 22:17:10,496 - BasePage - INFO - The element ' 测试公司（总部） ' was clicked.
2020-10-15 22:17:10,556 - BasePage - INFO - Had find the element '  ' successful by xpath via value: /html/body/div[6]/div[2]/div/div/div/header/div/input 
2020-10-15 22:17:10,720 - BasePage - INFO - Had type ' 东方店 ' in inputBox
2020-10-15 22:17:10,762 - BasePage - INFO - Had find the element ' 查询 ' successful by xpath via value: /html/body/div[6]/div[2]/div/div/div/header/button[1] 
2020-10-15 22:17:10,838 - BasePage - INFO - The element ' 查询 ' was clicked.
2020-10-15 22:17:12,868 - BasePage - INFO - Had find the element '  ' successful by xpath via value: /html/body/div[6]/div[2]/div/div/div/div/div/div[2]/div[2]/table/tbody/tr/td[1]/div/span 
2020-10-15 22:17:12,933 - BasePage - INFO - The element '  ' was clicked.
2020-10-15 22:17:12,967 - BasePage - INFO - Had find the element ' 选择 ' successful by xpath via value: /html/body/div[6]/div[2]/div/div/div/header/button[2] 
2020-10-15 22:17:13,037 - BasePage - INFO - The element ' 选择 ' was clicked.
2020-10-15 22:17:18,079 - BasePage - INFO - Had find the element ' 调拨申请受理 ' successful by xpath via value: //*[@id="leftInner"]/ul/li[4]/ul/li[1]/ul/li[2]/div 
2020-10-15 22:17:18,165 - BasePage - INFO - The element ' 调拨申请受理 ' was clicked.
2020-10-15 22:17:20,205 - BasePage - INFO - Had find the element '  ' successful by xpath via value: //*[@id="routes"]/div[2]/div[2]/div/div[2]/div/div/div/section[1]/div/div/div[4]/div[2]/input 
2020-10-15 22:17:21,116 - BasePage - INFO - Had type ' QDDD1000622020101500003 ' in inputBox
2020-10-15 22:17:21,155 - BasePage - INFO - Had find the element ' 查询 ' successful by xpath via value: //*[@id="routes"]/div[2]/div[2]/div/div[2]/div/div/div/section[1]/div/div/div[4]/button 
2020-10-15 22:17:21,249 - BasePage - INFO - The element ' 查询 ' was clicked.
2020-10-15 22:17:22,295 - BasePage - INFO - Had find the element ' 受理 ' successful by xpath via value: //*[@id="routes"]/div[2]/div[2]/div/div[2]/div/div/div/section[2]/div/div[1]/div/div/div[2]/div[2]/table/tbody/tr/td[2]/div/div/button[1] 
2020-10-15 22:17:22,376 - BasePage - INFO - The element ' 受理 ' was clicked.
2020-10-15 22:17:33,394 - BasePage - ERROR - NoSuchElementException: Message: no such element: Unable to locate element: {"method":"xpath","selector":"/html/body/div[60]/div[2]/div/div/div/div/div[3]/button[2]"}
  (Session info: chrome=74.0.3729.131)
  (Driver info: chromedriver=2.35.528161 (5b82f2d2aae0ca24b877009200ced9065a772e73),platform=Windows NT 10.0.18363 x86_64)

2020-10-15 22:17:33,762 - BasePage - INFO - Had take screenshot and save to folder : /screenshots
